# JRE version: 7.0_25-b17
# Java VM: Java HotSpot(TM) Client VM (23.25-b01 mixed mode windows-x86 )
Heap
 def new generation   total 8128K, used 6125K [0x04660000, 0x04f30000, 0x0f100000)
  eden space 7232K,  74% used [0x04660000, 0x04baa740, 0x04d70000)
  from space 896K,  78% used [0x04e50000, 0x04f00d60, 0x04f30000)
  to   space 896K,   0% used [0x04d70000, 0x04d70000, 0x04e50000)
 tenured generation   total 17916K, used 13132K [0x0f100000, 0x1027f000, 0x24660000)
   the space 17916K,  73% used [0x0f100000, 0x0fdd3350, 0x0fdd3400, 0x1027f000)
 compacting perm gen  total 22784K, used 22733K [0x24660000, 0x25ca0000, 0x28660000)
   the space 22784K,  99% used [0x24660000, 0x25c93768, 0x25c93800, 0x25ca0000)
GC Heap History (10 events):
Event: 3499.541 GC heap before
{Heap before GC invocations=53 (full 3):
 def new generation   total 8128K, used 7232K [0x04660000, 0x04f30000, 0x0f100000)
  eden space 7232K, 100% used [0x04660000, 0x04d70000, 0x04d70000)
  from space 896K,   0% used [0x04d70000, 0x04d70000, 0x04e50000)
  to   space 896K,   0% used [0x04e50000, 0x04e50000, 0x04f30000)
 tenured generation   total 17916K, used 10748K [0x0f100000, 0x1027f000, 0x24660000)
   the space 17916K,  59% used [0x0f100000, 0x0fb7f278, 0x0fb7f400, 0x1027f000)
 compacting perm gen  total 21504K, used 21476K [0x24660000, 0x25b60000, 0x28660000)
   the space 21504K,  99% used [0x24660000, 0x25b59138, 0x25b59200, 0x25b60000)
No shared spaces configured.
Event: 3499.545 GC heap after
Heap after GC invocations=54 (full 3):
 def new generation   total 8128K, used 895K [0x04660000, 0x04f30000, 0x0f100000)
  eden space 7232K,   0% used [0x04660000, 0x04660000, 0x04d70000)
  from space 896K,  99% used [0x04e50000, 0x04f2fff8, 0x04f30000)
  to   space 896K,   0% used [0x04d70000, 0x04d70000, 0x04e50000)
 tenured generation   total 17916K, used 11124K [0x0f100000, 0x1027f000, 0x24660000)
   the space 17916K,  62% used [0x0f100000, 0x0fbdd390, 0x0fbdd400, 0x1027f000)
 compacting perm gen  total 21504K, used 21476K [0x24660000, 0x25b60000, 0x28660000)
   the space 21504K,  99% used [0x24660000, 0x25b59138, 0x25b59200, 0x25b60000)
No shared spaces configured.
}
Event: 3499.960 GC heap before
{Heap before GC invocations=54 (full 3):
 def new generation   total 8128K, used 8127K [0x04660000, 0x04f30000, 0x0f100000)
  eden space 7232K, 100% used [0x04660000, 0x04d70000, 0x04d70000)
  from space 896K,  99% used [0x04e50000, 0x04f2fff8, 0x04f30000)
  to   space 896K,   0% used [0x04d70000, 0x04d70000, 0x04e50000)
 tenured generation   total 17916K, used 11124K [0x0f100000, 0x1027f000, 0x24660000)
   the space 17916K,  62% used [0x0f100000, 0x0fbdd390, 0x0fbdd400, 0x1027f000)
 compacting perm gen  total 22272K, used 22048K [0x24660000, 0x25c20000, 0x28660000)
   the space 22272K,  98% used [0x24660000, 0x25be8260, 0x25be8400, 0x25c20000)
No shared spaces configured.
Event: 3499.965 GC heap after
Heap after GC invocations=55 (full 3):
 def new generation   total 8128K, used 896K [0x04660000, 0x04f30000, 0x0f100000)
  eden space 7232K,   0% used [0x04660000, 0x04660000, 0x04d70000)
  from space 896K, 100% used [0x04d70000, 0x04e50000, 0x04e50000)
  to   space 896K,   0% used [0x04e50000, 0x04e50000, 0x04f30000)
 tenured generation   total 17916K, used 11589K [0x0f100000, 0x1027f000, 0x24660000)
   the space 17916K,  64% used [0x0f100000, 0x0fc51688, 0x0fc51800, 0x1027f000)
 compacting perm gen  total 22272K, used 22048K [0x24660000, 0x25c20000, 0x28660000)
   the space 22272K,  98% used [0x24660000, 0x25be8260, 0x25be8400, 0x25c20000)
No shared spaces configured.
}
Event: 3500.509 GC heap before
{Heap before GC invocations=55 (full 3):
 def new generation   total 8128K, used 8128K [0x04660000, 0x04f30000, 0x0f100000)
  eden space 7232K, 100% used [0x04660000, 0x04d70000, 0x04d70000)
  from space 896K, 100% used [0x04d70000, 0x04e50000, 0x04e50000)
  to   space 896K,   0% used [0x04e50000, 0x04e50000, 0x04f30000)
 tenured generation   total 17916K, used 11589K [0x0f100000, 0x1027f000, 0x24660000)
   the space 17916K,  64% used [0x0f100000, 0x0fc51688, 0x0fc51800, 0x1027f000)
 compacting perm gen  total 22272K, used 22163K [0x24660000, 0x25c20000, 0x28660000)
   the space 22272K,  99% used [0x24660000, 0x25c04f10, 0x25c05000, 0x25c20000)
No shared spaces configured.
Event: 3500.516 GC heap after
Heap after GC invocations=56 (full 3):
 def new generation   total 8128K, used 757K [0x04660000, 0x04f30000, 0x0f100000)
  eden space 7232K,   0% used [0x04660000, 0x04660000, 0x04d70000)
  from space 896K,  84% used [0x04e50000, 0x04f0d538, 0x04f30000)
  to   space 896K,   0% used [0x04d70000, 0x04d70000, 0x04e50000)
 tenured generation   total 17916K, used 12147K [0x0f100000, 0x1027f000, 0x24660000)
   the space 17916K,  67% used [0x0f100000, 0x0fcdcd48, 0x0fcdce00, 0x1027f000)
 compacting perm gen  total 22272K, used 22163K [0x24660000, 0x25c20000, 0x28660000)
   the space 22272K,  99% used [0x24660000, 0x25c04f10, 0x25c05000, 0x25c20000)
No shared spaces configured.
}
Event: 3501.899 GC heap before
{Heap before GC invocations=56 (full 3):
 def new generation   total 8128K, used 7989K [0x04660000, 0x04f30000, 0x0f100000)
  eden space 7232K, 100% used [0x04660000, 0x04d70000, 0x04d70000)
  from space 896K,  84% used [0x04e50000, 0x04f0d538, 0x04f30000)
  to   space 896K,   0% used [0x04d70000, 0x04d70000, 0x04e50000)
 tenured generation   total 17916K, used 12147K [0x0f100000, 0x1027f000, 0x24660000)
   the space 17916K,  67% used [0x0f100000, 0x0fcdcd48, 0x0fcdce00, 0x1027f000)
 compacting perm gen  total 22528K, used 22456K [0x24660000, 0x25c60000, 0x28660000)
   the space 22528K,  99% used [0x24660000, 0x25c4e1c8, 0x25c4e200, 0x25c60000)
No shared spaces configured.
Event: 3501.909 GC heap after
Heap after GC invocations=57 (full 3):
 def new generation   total 8128K, used 867K [0x04660000, 0x04f30000, 0x0f100000)
  eden space 7232K,   0% used [0x04660000, 0x04660000, 0x04d70000)
  from space 896K,  96% used [0x04d70000, 0x04e48cf8, 0x04e50000)
  to   space 896K,   0% used [0x04e50000, 0x04e50000, 0x04f30000)
 tenured generation   total 17916K, used 12687K [0x0f100000, 0x1027f000, 0x24660000)
   the space 17916K,  70% used [0x0f100000, 0x0fd63dc8, 0x0fd63e00, 0x1027f000)
 compacting perm gen  total 22528K, used 22456K [0x24660000, 0x25c60000, 0x28660000)
   the space 22528K,  99% used [0x24660000, 0x25c4e1c8, 0x25c4e200, 0x25c60000)
No shared spaces configured.
}
Event: 5049.151 GC heap before
{Heap before GC invocations=57 (full 3):
 def new generation   total 8128K, used 8099K [0x04660000, 0x04f30000, 0x0f100000)
  eden space 7232K, 100% used [0x04660000, 0x04d70000, 0x04d70000)
  from space 896K,  96% used [0x04d70000, 0x04e48cf8, 0x04e50000)
  to   space 896K,   0% used [0x04e50000, 0x04e50000, 0x04f30000)
 tenured generation   total 17916K, used 12687K [0x0f100000, 0x1027f000, 0x24660000)
   the space 17916K,  70% used [0x0f100000, 0x0fd63dc8, 0x0fd63e00, 0x1027f000)
 compacting perm gen  total 22784K, used 22623K [0x24660000, 0x25ca0000, 0x28660000)
   the space 22784K,  99% used [0x24660000, 0x25c77c20, 0x25c77e00, 0x25ca0000)
No shared spaces configured.
Event: 5049.164 GC heap after
Heap after GC invocations=58 (full 3):
 def new generation   total 8128K, used 707K [0x04660000, 0x04f30000, 0x0f100000)
  eden space 7232K,   0% used [0x04660000, 0x04660000, 0x04d70000)
  from space 896K,  78% used [0x04e50000, 0x04f00d60, 0x04f30000)
  to   space 896K,   0% used [0x04d70000, 0x04d70000, 0x04e50000)
 tenured generation   total 17916K, used 13132K [0x0f100000, 0x1027f000, 0x24660000)
   the space 17916K,  73% used [0x0f100000, 0x0fdd3350, 0x0fdd3400, 0x1027f000)
 compacting perm gen  total 22784K, used 22623K [0x24660000, 0x25ca0000, 0x28660000)
   the space 22784K,  99% used [0x24660000, 0x25c77c20, 0x25c77e00, 0x25ca0000)
No shared spaces configured.
}

