# JRE version: 7.0_25-b17
# Java VM: Java HotSpot(TM) Client VM (23.25-b01 mixed mode windows-x86 )
Heap
 def new generation   total 14272K, used 9404K [0x05140000, 0x060b0000, 0x0fbe0000)
  eden space 12736K,  63% used [0x05140000, 0x05928da0, 0x05db0000)
  from space 1536K,  84% used [0x05db0000, 0x05ef6278, 0x05f30000)
  to   space 1536K,   0% used [0x05f30000, 0x05f30000, 0x060b0000)
 tenured generation   total 31428K, used 19384K [0x0fbe0000, 0x11a91000, 0x25140000)
   the space 31428K,  61% used [0x0fbe0000, 0x10ece078, 0x10ece200, 0x11a91000)
 compacting perm gen  total 30208K, used 30080K [0x25140000, 0x26ec0000, 0x29140000)
   the space 30208K,  99% used [0x25140000, 0x26ea0060, 0x26ea0200, 0x26ec0000)
GC Heap History (10 events):
Event: 82.260 GC heap before
{Heap before GC invocations=79 (full 5):
 def new generation   total 14272K, used 14271K [0x05140000, 0x060b0000, 0x0fbe0000)
  eden space 12736K, 100% used [0x05140000, 0x05db0000, 0x05db0000)
  from space 1536K,  99% used [0x05f30000, 0x060aff30, 0x060b0000)
  to   space 1536K,   0% used [0x05db0000, 0x05db0000, 0x05f30000)
 tenured generation   total 31428K, used 18975K [0x0fbe0000, 0x11a91000, 0x25140000)
   the space 31428K,  60% used [0x0fbe0000, 0x10e67db8, 0x10e67e00, 0x11a91000)
 compacting perm gen  total 29952K, used 29719K [0x25140000, 0x26e80000, 0x29140000)
   the space 29952K,  99% used [0x25140000, 0x26e45fc0, 0x26e46000, 0x26e80000)
No shared spaces configured.
Event: 82.266 GC heap after
Heap after GC invocations=80 (full 5):
 def new generation   total 14272K, used 244K [0x05140000, 0x060b0000, 0x0fbe0000)
  eden space 12736K,   0% used [0x05140000, 0x05140000, 0x05db0000)
  from space 1536K,  15% used [0x05db0000, 0x05ded398, 0x05f30000)
  to   space 1536K,   0% used [0x05f30000, 0x05f30000, 0x060b0000)
 tenured generation   total 31428K, used 19242K [0x0fbe0000, 0x11a91000, 0x25140000)
   the space 31428K,  61% used [0x0fbe0000, 0x10eaa920, 0x10eaaa00, 0x11a91000)
 compacting perm gen  total 29952K, used 29719K [0x25140000, 0x26e80000, 0x29140000)
   the space 29952K,  99% used [0x25140000, 0x26e45fc0, 0x26e46000, 0x26e80000)
No shared spaces configured.
}
Event: 82.428 GC heap before
{Heap before GC invocations=80 (full 5):
 def new generation   total 14272K, used 12980K [0x05140000, 0x060b0000, 0x0fbe0000)
  eden space 12736K, 100% used [0x05140000, 0x05db0000, 0x05db0000)
  from space 1536K,  15% used [0x05db0000, 0x05ded398, 0x05f30000)
  to   space 1536K,   0% used [0x05f30000, 0x05f30000, 0x060b0000)
 tenured generation   total 31428K, used 19242K [0x0fbe0000, 0x11a91000, 0x25140000)
   the space 31428K,  61% used [0x0fbe0000, 0x10eaa920, 0x10eaaa00, 0x11a91000)
 compacting perm gen  total 29952K, used 29720K [0x25140000, 0x26e80000, 0x29140000)
   the space 29952K,  99% used [0x25140000, 0x26e46080, 0x26e46200, 0x26e80000)
No shared spaces configured.
Event: 82.433 GC heap after
Heap after GC invocations=81 (full 5):
 def new generation   total 14272K, used 438K [0x05140000, 0x060b0000, 0x0fbe0000)
  eden space 12736K,   0% used [0x05140000, 0x05140000, 0x05db0000)
  from space 1536K,  28% used [0x05f30000, 0x05f9d968, 0x060b0000)
  to   space 1536K,   0% used [0x05db0000, 0x05db0000, 0x05f30000)
 tenured generation   total 31428K, used 19242K [0x0fbe0000, 0x11a91000, 0x25140000)
   the space 31428K,  61% used [0x0fbe0000, 0x10eaa920, 0x10eaaa00, 0x11a91000)
 compacting perm gen  total 29952K, used 29720K [0x25140000, 0x26e80000, 0x29140000)
   the space 29952K,  99% used [0x25140000, 0x26e46080, 0x26e46200, 0x26e80000)
No shared spaces configured.
}
Event: 82.869 GC heap before
{Heap before GC invocations=81 (full 5):
 def new generation   total 14272K, used 13174K [0x05140000, 0x060b0000, 0x0fbe0000)
  eden space 12736K, 100% used [0x05140000, 0x05db0000, 0x05db0000)
  from space 1536K,  28% used [0x05f30000, 0x05f9d968, 0x060b0000)
  to   space 1536K,   0% used [0x05db0000, 0x05db0000, 0x05f30000)
 tenured generation   total 31428K, used 19242K [0x0fbe0000, 0x11a91000, 0x25140000)
   the space 31428K,  61% used [0x0fbe0000, 0x10eaa920, 0x10eaaa00, 0x11a91000)
 compacting perm gen  total 29952K, used 29721K [0x25140000, 0x26e80000, 0x29140000)
   the space 29952K,  99% used [0x25140000, 0x26e467e0, 0x26e46800, 0x26e80000)
No shared spaces configured.
Event: 82.873 GC heap after
Heap after GC invocations=82 (full 5):
 def new generation   total 14272K, used 935K [0x05140000, 0x060b0000, 0x0fbe0000)
  eden space 12736K,   0% used [0x05140000, 0x05140000, 0x05db0000)
  from space 1536K,  60% used [0x05db0000, 0x05e99e88, 0x05f30000)
  to   space 1536K,   0% used [0x05f30000, 0x05f30000, 0x060b0000)
 tenured generation   total 31428K, used 19242K [0x0fbe0000, 0x11a91000, 0x25140000)
   the space 31428K,  61% used [0x0fbe0000, 0x10eaa920, 0x10eaaa00, 0x11a91000)
 compacting perm gen  total 29952K, used 29721K [0x25140000, 0x26e80000, 0x29140000)
   the space 29952K,  99% used [0x25140000, 0x26e467e0, 0x26e46800, 0x26e80000)
No shared spaces configured.
}
Event: 87.751 GC heap before
{Heap before GC invocations=82 (full 5):
 def new generation   total 14272K, used 13671K [0x05140000, 0x060b0000, 0x0fbe0000)
  eden space 12736K, 100% used [0x05140000, 0x05db0000, 0x05db0000)
  from space 1536K,  60% used [0x05db0000, 0x05e99e88, 0x05f30000)
  to   space 1536K,   0% used [0x05f30000, 0x05f30000, 0x060b0000)
 tenured generation   total 31428K, used 19242K [0x0fbe0000, 0x11a91000, 0x25140000)
   the space 31428K,  61% used [0x0fbe0000, 0x10eaa920, 0x10eaaa00, 0x11a91000)
 compacting perm gen  total 29952K, used 29749K [0x25140000, 0x26e80000, 0x29140000)
   the space 29952K,  99% used [0x25140000, 0x26e4d540, 0x26e4d600, 0x26e80000)
No shared spaces configured.
Event: 87.755 GC heap after
Heap after GC invocations=83 (full 5):
 def new generation   total 14272K, used 510K [0x05140000, 0x060b0000, 0x0fbe0000)
  eden space 12736K,   0% used [0x05140000, 0x05140000, 0x05db0000)
  from space 1536K,  33% used [0x05f30000, 0x05faf878, 0x060b0000)
  to   space 1536K,   0% used [0x05db0000, 0x05db0000, 0x05f30000)
 tenured generation   total 31428K, used 19384K [0x0fbe0000, 0x11a91000, 0x25140000)
   the space 31428K,  61% used [0x0fbe0000, 0x10ece078, 0x10ece200, 0x11a91000)
 compacting perm gen  total 29952K, used 29749K [0x25140000, 0x26e80000, 0x29140000)
   the space 29952K,  99% used [0x25140000, 0x26e4d540, 0x26e4d600, 0x26e80000)
No shared spaces configured.
}
Event: 348.124 GC heap before
{Heap before GC invocations=83 (full 5):
 def new generation   total 14272K, used 13231K [0x05140000, 0x060b0000, 0x0fbe0000)
  eden space 12736K,  99% used [0x05140000, 0x05dac5a0, 0x05db0000)
  from space 1536K,  33% used [0x05f30000, 0x05faf878, 0x060b0000)
  to   space 1536K,   0% used [0x05db0000, 0x05db0000, 0x05f30000)
 tenured generation   total 31428K, used 19384K [0x0fbe0000, 0x11a91000, 0x25140000)
   the space 31428K,  61% used [0x0fbe0000, 0x10ece078, 0x10ece200, 0x11a91000)
 compacting perm gen  total 30208K, used 29975K [0x25140000, 0x26ec0000, 0x29140000)
   the space 30208K,  99% used [0x25140000, 0x26e85c70, 0x26e85e00, 0x26ec0000)
No shared spaces configured.
Event: 348.131 GC heap after
Heap after GC invocations=84 (full 5):
 def new generation   total 14272K, used 1304K [0x05140000, 0x060b0000, 0x0fbe0000)
  eden space 12736K,   0% used [0x05140000, 0x05140000, 0x05db0000)
  from space 1536K,  84% used [0x05db0000, 0x05ef6278, 0x05f30000)
  to   space 1536K,   0% used [0x05f30000, 0x05f30000, 0x060b0000)
 tenured generation   total 31428K, used 19384K [0x0fbe0000, 0x11a91000, 0x25140000)
   the space 31428K,  61% used [0x0fbe0000, 0x10ece078, 0x10ece200, 0x11a91000)
 compacting perm gen  total 30208K, used 29975K [0x25140000, 0x26ec0000, 0x29140000)
   the space 30208K,  99% used [0x25140000, 0x26e85c70, 0x26e85e00, 0x26ec0000)
No shared spaces configured.
}

