# JRE version: Java(TM) SE Runtime Environment (8.0_45-b15) (build 1.8.0_45-b15)
# Java VM: Java HotSpot(TM) Client VM (25.45-b02 mixed mode windows-x86 )
Heap:
 def new generation   total 8960K, used 7207K [0x04800000, 0x051b0000, 0x0f2a0000)
  eden space 8000K,  81% used [0x04800000, 0x04e56210, 0x04fd0000)
  from space 960K,  74% used [0x050c0000, 0x05173a90, 0x051b0000)
  to   space 960K,   0% used [0x04fd0000, 0x04fd0000, 0x050c0000)
 tenured generation   total 19700K, used 14056K [0x0f2a0000, 0x105dd000, 0x24800000)
   the space 19700K,  71% used [0x0f2a0000, 0x1005a300, 0x1005a400, 0x105dd000)
 Metaspace       used 21109K, capacity 21291K, committed 21376K, reserved 21888K
GC Heap History (10 events):
Event: 25.482 GC heap before
{Heap before GC invocations=56 (full 2):
 def new generation   total 8960K, used 8959K [0x04800000, 0x051b0000, 0x0f2a0000)
  eden space 8000K, 100% used [0x04800000, 0x04fd0000, 0x04fd0000)
  from space 960K,  99% used [0x04fd0000, 0x050bfff8, 0x050c0000)
  to   space 960K,   0% used [0x050c0000, 0x050c0000, 0x051b0000)
 tenured generation   total 19700K, used 12907K [0x0f2a0000, 0x105dd000, 0x24800000)
   the space 19700K,  65% used [0x0f2a0000, 0x0ff3ad90, 0x0ff3ae00, 0x105dd000)
 Metaspace       used 19225K, capacity 19427K, committed 19584K, reserved 19840K
Event: 25.489 GC heap after
Heap after GC invocations=57 (full 2):
 def new generation   total 8960K, used 451K [0x04800000, 0x051b0000, 0x0f2a0000)
  eden space 8000K,   0% used [0x04800000, 0x04800000, 0x04fd0000)
  from space 960K,  47% used [0x050c0000, 0x05130f68, 0x051b0000)
  to   space 960K,   0% used [0x04fd0000, 0x04fd0000, 0x050c0000)
 tenured generation   total 19700K, used 13751K [0x0f2a0000, 0x105dd000, 0x24800000)
   the space 19700K,  69% used [0x0f2a0000, 0x1000dcb8, 0x1000de00, 0x105dd000)
 Metaspace       used 19225K, capacity 19427K, committed 19584K, reserved 19840K
}
Event: 25.722 GC heap before
{Heap before GC invocations=57 (full 2):
 def new generation   total 8960K, used 8451K [0x04800000, 0x051b0000, 0x0f2a0000)
  eden space 8000K, 100% used [0x04800000, 0x04fd0000, 0x04fd0000)
  from space 960K,  47% used [0x050c0000, 0x05130f68, 0x051b0000)
  to   space 960K,   0% used [0x04fd0000, 0x04fd0000, 0x050c0000)
 tenured generation   total 19700K, used 13751K [0x0f2a0000, 0x105dd000, 0x24800000)
   the space 19700K,  69% used [0x0f2a0000, 0x1000dcb8, 0x1000de00, 0x105dd000)
 Metaspace       used 19464K, capacity 19683K, committed 19840K, reserved 19840K
Event: 25.725 GC heap after
Heap after GC invocations=58 (full 2):
 def new generation   total 8960K, used 488K [0x04800000, 0x051b0000, 0x0f2a0000)
  eden space 8000K,   0% used [0x04800000, 0x04800000, 0x04fd0000)
  from space 960K,  50% used [0x04fd0000, 0x0504a090, 0x050c0000)
  to   space 960K,   0% used [0x050c0000, 0x050c0000, 0x051b0000)
 tenured generation   total 19700K, used 13751K [0x0f2a0000, 0x105dd000, 0x24800000)
   the space 19700K,  69% used [0x0f2a0000, 0x1000dcb8, 0x1000de00, 0x105dd000)
 Metaspace       used 19464K, capacity 19683K, committed 19840K, reserved 19840K
}
Event: 27.028 GC heap before
{Heap before GC invocations=58 (full 2):
 def new generation   total 8960K, used 8488K [0x04800000, 0x051b0000, 0x0f2a0000)
  eden space 8000K, 100% used [0x04800000, 0x04fd0000, 0x04fd0000)
  from space 960K,  50% used [0x04fd0000, 0x0504a090, 0x050c0000)
  to   space 960K,   0% used [0x050c0000, 0x050c0000, 0x051b0000)
 tenured generation   total 19700K, used 13751K [0x0f2a0000, 0x105dd000, 0x24800000)
   the space 19700K,  69% used [0x0f2a0000, 0x1000dcb8, 0x1000de00, 0x105dd000)
 Metaspace       used 19736K, capacity 19971K, committed 20096K, reserved 20864K
Event: 27.032 GC heap after
Heap after GC invocations=59 (full 2):
 def new generation   total 8960K, used 424K [0x04800000, 0x051b0000, 0x0f2a0000)
  eden space 8000K,   0% used [0x04800000, 0x04800000, 0x04fd0000)
  from space 960K,  44% used [0x050c0000, 0x0512a010, 0x051b0000)
  to   space 960K,   0% used [0x04fd0000, 0x04fd0000, 0x050c0000)
 tenured generation   total 19700K, used 13828K [0x0f2a0000, 0x105dd000, 0x24800000)
   the space 19700K,  70% used [0x0f2a0000, 0x100212f0, 0x10021400, 0x105dd000)
 Metaspace       used 19736K, capacity 19971K, committed 20096K, reserved 20864K
}
Event: 27.608 GC heap before
{Heap before GC invocations=59 (full 2):
 def new generation   total 8960K, used 8424K [0x04800000, 0x051b0000, 0x0f2a0000)
  eden space 8000K, 100% used [0x04800000, 0x04fd0000, 0x04fd0000)
  from space 960K,  44% used [0x050c0000, 0x0512a010, 0x051b0000)
  to   space 960K,   0% used [0x04fd0000, 0x04fd0000, 0x050c0000)
 tenured generation   total 19700K, used 13828K [0x0f2a0000, 0x105dd000, 0x24800000)
   the space 19700K,  70% used [0x0f2a0000, 0x100212f0, 0x10021400, 0x105dd000)
 Metaspace       used 20328K, capacity 20550K, committed 20736K, reserved 20864K
Event: 27.612 GC heap after
Heap after GC invocations=60 (full 2):
 def new generation   total 8960K, used 678K [0x04800000, 0x051b0000, 0x0f2a0000)
  eden space 8000K,   0% used [0x04800000, 0x04800000, 0x04fd0000)
  from space 960K,  70% used [0x04fd0000, 0x05079910, 0x050c0000)
  to   space 960K,   0% used [0x050c0000, 0x050c0000, 0x051b0000)
 tenured generation   total 19700K, used 13828K [0x0f2a0000, 0x105dd000, 0x24800000)
   the space 19700K,  70% used [0x0f2a0000, 0x100212f0, 0x10021400, 0x105dd000)
 Metaspace       used 20328K, capacity 20550K, committed 20736K, reserved 20864K
}
Event: 28.168 GC heap before
{Heap before GC invocations=60 (full 2):
 def new generation   total 8960K, used 8678K [0x04800000, 0x051b0000, 0x0f2a0000)
  eden space 8000K, 100% used [0x04800000, 0x04fd0000, 0x04fd0000)
  from space 960K,  70% used [0x04fd0000, 0x05079910, 0x050c0000)
  to   space 960K,   0% used [0x050c0000, 0x050c0000, 0x051b0000)
 tenured generation   total 19700K, used 13828K [0x0f2a0000, 0x105dd000, 0x24800000)
   the space 19700K,  70% used [0x0f2a0000, 0x100212f0, 0x10021400, 0x105dd000)
 Metaspace       used 20833K, capacity 21035K, committed 21120K, reserved 21888K
Event: 28.173 GC heap after
Heap after GC invocations=61 (full 2):
 def new generation   total 8960K, used 718K [0x04800000, 0x051b0000, 0x0f2a0000)
  eden space 8000K,   0% used [0x04800000, 0x04800000, 0x04fd0000)
  from space 960K,  74% used [0x050c0000, 0x05173a90, 0x051b0000)
  to   space 960K,   0% used [0x04fd0000, 0x04fd0000, 0x050c0000)
 tenured generation   total 19700K, used 14056K [0x0f2a0000, 0x105dd000, 0x24800000)
   the space 19700K,  71% used [0x0f2a0000, 0x1005a300, 0x1005a400, 0x105dd000)
 Metaspace       used 20833K, capacity 21035K, committed 21120K, reserved 21888K
}

