# JRE version: 7.0_25-b17
# Java VM: Java HotSpot(TM) Client VM (23.25-b01 mixed mode windows-x86 )
Heap
 def new generation   total 8512K, used 1468K [0x048d0000, 0x05200000, 0x0f370000)
  eden space 7616K,   8% used [0x048d0000, 0x04977b28, 0x05040000)
  from space 896K,  89% used [0x05040000, 0x05107600, 0x05120000)
  to   space 896K,   0% used [0x05120000, 0x05120000, 0x05200000)
 tenured generation   total 18704K, used 16139K [0x0f370000, 0x105b4000, 0x248d0000)
   the space 18704K,  86% used [0x0f370000, 0x10332ed0, 0x10333000, 0x105b4000)
 compacting perm gen  total 25600K, used 25508K [0x248d0000, 0x261d0000, 0x288d0000)
   the space 25600K,  99% used [0x248d0000, 0x261b9210, 0x261b9400, 0x261d0000)
GC Heap History (10 events):
Event: 1229.785 GC heap before
{Heap before GC invocations=88 (full 4):
 def new generation   total 8512K, used 7670K [0x048d0000, 0x05200000, 0x0f370000)
  eden space 7616K, 100% used [0x048d0000, 0x05040000, 0x05040000)
  from space 896K,   6% used [0x05120000, 0x0512dba0, 0x05200000)
  to   space 896K,   0% used [0x05040000, 0x05040000, 0x05120000)
 tenured generation   total 18704K, used 15728K [0x0f370000, 0x105b4000, 0x248d0000)
   the space 18704K,  84% used [0x0f370000, 0x102cc3b0, 0x102cc400, 0x105b4000)
 compacting perm gen  total 25344K, used 25340K [0x248d0000, 0x26190000, 0x288d0000)
   the space 25344K,  99% used [0x248d0000, 0x2618f088, 0x2618f200, 0x26190000)
No shared spaces configured.
Event: 1229.787 GC heap after
Heap after GC invocations=89 (full 4):
 def new generation   total 8512K, used 133K [0x048d0000, 0x05200000, 0x0f370000)
  eden space 7616K,   0% used [0x048d0000, 0x048d0000, 0x05040000)
  from space 896K,  14% used [0x05040000, 0x050617d0, 0x05120000)
  to   space 896K,   0% used [0x05120000, 0x05120000, 0x05200000)
 tenured generation   total 18704K, used 15728K [0x0f370000, 0x105b4000, 0x248d0000)
   the space 18704K,  84% used [0x0f370000, 0x102cc3b0, 0x102cc400, 0x105b4000)
 compacting perm gen  total 25344K, used 25340K [0x248d0000, 0x26190000, 0x288d0000)
   the space 25344K,  99% used [0x248d0000, 0x2618f088, 0x2618f200, 0x26190000)
No shared spaces configured.
}
Event: 1230.041 GC heap before
{Heap before GC invocations=89 (full 4):
 def new generation   total 8512K, used 7749K [0x048d0000, 0x05200000, 0x0f370000)
  eden space 7616K, 100% used [0x048d0000, 0x05040000, 0x05040000)
  from space 896K,  14% used [0x05040000, 0x050617d0, 0x05120000)
  to   space 896K,   0% used [0x05120000, 0x05120000, 0x05200000)
 tenured generation   total 18704K, used 15728K [0x0f370000, 0x105b4000, 0x248d0000)
   the space 18704K,  84% used [0x0f370000, 0x102cc3b0, 0x102cc400, 0x105b4000)
 compacting perm gen  total 25344K, used 25340K [0x248d0000, 0x26190000, 0x288d0000)
   the space 25344K,  99% used [0x248d0000, 0x2618f088, 0x2618f200, 0x26190000)
No shared spaces configured.
Event: 1230.044 GC heap after
Heap after GC invocations=90 (full 4):
 def new generation   total 8512K, used 546K [0x048d0000, 0x05200000, 0x0f370000)
  eden space 7616K,   0% used [0x048d0000, 0x048d0000, 0x05040000)
  from space 896K,  61% used [0x05120000, 0x051a8ab8, 0x05200000)
  to   space 896K,   0% used [0x05040000, 0x05040000, 0x05120000)
 tenured generation   total 18704K, used 15728K [0x0f370000, 0x105b4000, 0x248d0000)
   the space 18704K,  84% used [0x0f370000, 0x102cc3b0, 0x102cc400, 0x105b4000)
 compacting perm gen  total 25344K, used 25340K [0x248d0000, 0x26190000, 0x288d0000)
   the space 25344K,  99% used [0x248d0000, 0x2618f088, 0x2618f200, 0x26190000)
No shared spaces configured.
}
Event: 1230.339 GC heap before
{Heap before GC invocations=90 (full 4):
 def new generation   total 8512K, used 8162K [0x048d0000, 0x05200000, 0x0f370000)
  eden space 7616K, 100% used [0x048d0000, 0x05040000, 0x05040000)
  from space 896K,  61% used [0x05120000, 0x051a8ab8, 0x05200000)
  to   space 896K,   0% used [0x05040000, 0x05040000, 0x05120000)
 tenured generation   total 18704K, used 15728K [0x0f370000, 0x105b4000, 0x248d0000)
   the space 18704K,  84% used [0x0f370000, 0x102cc3b0, 0x102cc400, 0x105b4000)
 compacting perm gen  total 25344K, used 25340K [0x248d0000, 0x26190000, 0x288d0000)
   the space 25344K,  99% used [0x248d0000, 0x2618f088, 0x2618f200, 0x26190000)
No shared spaces configured.
Event: 1230.345 GC heap after
Heap after GC invocations=91 (full 4):
 def new generation   total 8512K, used 768K [0x048d0000, 0x05200000, 0x0f370000)
  eden space 7616K,   0% used [0x048d0000, 0x048d0000, 0x05040000)
  from space 896K,  85% used [0x05040000, 0x05100180, 0x05120000)
  to   space 896K,   0% used [0x05120000, 0x05120000, 0x05200000)
 tenured generation   total 18704K, used 15995K [0x0f370000, 0x105b4000, 0x248d0000)
   the space 18704K,  85% used [0x0f370000, 0x1030ef60, 0x1030f000, 0x105b4000)
 compacting perm gen  total 25344K, used 25340K [0x248d0000, 0x26190000, 0x288d0000)
   the space 25344K,  99% used [0x248d0000, 0x2618f088, 0x2618f200, 0x26190000)
No shared spaces configured.
}
Event: 1238.477 GC heap before
{Heap before GC invocations=91 (full 4):
 def new generation   total 8512K, used 8384K [0x048d0000, 0x05200000, 0x0f370000)
  eden space 7616K, 100% used [0x048d0000, 0x05040000, 0x05040000)
  from space 896K,  85% used [0x05040000, 0x05100180, 0x05120000)
  to   space 896K,   0% used [0x05120000, 0x05120000, 0x05200000)
 tenured generation   total 18704K, used 15995K [0x0f370000, 0x105b4000, 0x248d0000)
   the space 18704K,  85% used [0x0f370000, 0x1030ef60, 0x1030f000, 0x105b4000)
 compacting perm gen  total 25600K, used 25362K [0x248d0000, 0x261d0000, 0x288d0000)
   the space 25600K,  99% used [0x248d0000, 0x26194ba0, 0x26194c00, 0x261d0000)
No shared spaces configured.
Event: 1238.482 GC heap after
Heap after GC invocations=92 (full 4):
 def new generation   total 8512K, used 321K [0x048d0000, 0x05200000, 0x0f370000)
  eden space 7616K,   0% used [0x048d0000, 0x048d0000, 0x05040000)
  from space 896K,  35% used [0x05120000, 0x051705f8, 0x05200000)
  to   space 896K,   0% used [0x05040000, 0x05040000, 0x05120000)
 tenured generation   total 18704K, used 16139K [0x0f370000, 0x105b4000, 0x248d0000)
   the space 18704K,  86% used [0x0f370000, 0x10332ed0, 0x10333000, 0x105b4000)
 compacting perm gen  total 25600K, used 25362K [0x248d0000, 0x261d0000, 0x288d0000)
   the space 25600K,  99% used [0x248d0000, 0x26194ba0, 0x26194c00, 0x261d0000)
No shared spaces configured.
}
Event: 1939.012 GC heap before
{Heap before GC invocations=92 (full 4):
 def new generation   total 8512K, used 7937K [0x048d0000, 0x05200000, 0x0f370000)
  eden space 7616K, 100% used [0x048d0000, 0x05040000, 0x05040000)
  from space 896K,  35% used [0x05120000, 0x051705f8, 0x05200000)
  to   space 896K,   0% used [0x05040000, 0x05040000, 0x05120000)
 tenured generation   total 18704K, used 16139K [0x0f370000, 0x105b4000, 0x248d0000)
   the space 18704K,  86% used [0x0f370000, 0x10332ed0, 0x10333000, 0x105b4000)
 compacting perm gen  total 25600K, used 25504K [0x248d0000, 0x261d0000, 0x288d0000)
   the space 25600K,  99% used [0x248d0000, 0x261b80e8, 0x261b8200, 0x261d0000)
No shared spaces configured.
Event: 1939.018 GC heap after
Heap after GC invocations=93 (full 4):
 def new generation   total 8512K, used 797K [0x048d0000, 0x05200000, 0x0f370000)
  eden space 7616K,   0% used [0x048d0000, 0x048d0000, 0x05040000)
  from space 896K,  89% used [0x05040000, 0x05107600, 0x05120000)
  to   space 896K,   0% used [0x05120000, 0x05120000, 0x05200000)
 tenured generation   total 18704K, used 16139K [0x0f370000, 0x105b4000, 0x248d0000)
   the space 18704K,  86% used [0x0f370000, 0x10332ed0, 0x10333000, 0x105b4000)
 compacting perm gen  total 25600K, used 25504K [0x248d0000, 0x261d0000, 0x288d0000)
   the space 25600K,  99% used [0x248d0000, 0x261b80e8, 0x261b8200, 0x261d0000)
No shared spaces configured.
}

