# JRE version: 7.0_25-b17
# Java VM: Java HotSpot(TM) Client VM (23.25-b01 mixed mode windows-x86 )
Heap
 def new generation   total 11648K, used 1769K [0x05190000, 0x05e30000, 0x0fc30000)
  eden space 10368K,  12% used [0x05190000, 0x052d3150, 0x05bb0000)
  from space 1280K,  37% used [0x05cf0000, 0x05d67680, 0x05e30000)
  to   space 1280K,   0% used [0x05bb0000, 0x05bb0000, 0x05cf0000)
 tenured generation   total 25704K, used 19802K [0x0fc30000, 0x1154a000, 0x25190000)
   the space 25704K,  77% used [0x0fc30000, 0x10f869c0, 0x10f86a00, 0x1154a000)
 compacting perm gen  total 21504K, used 21366K [0x25190000, 0x26690000, 0x29190000)
   the space 21504K,  99% used [0x25190000, 0x2666d9d0, 0x2666da00, 0x26690000)
GC Heap History (10 events):
Event: 4997.857 GC heap before
{Heap before GC invocations=111 (full 5):
 def new generation   total 11648K, used 11160K [0x05190000, 0x05e30000, 0x0fc30000)
  eden space 10368K,  99% used [0x05190000, 0x05ba1d20, 0x05bb0000)
  from space 1280K,  66% used [0x05bb0000, 0x05c84450, 0x05cf0000)
  to   space 1280K,   0% used [0x05cf0000, 0x05cf0000, 0x05e30000)
 tenured generation   total 25704K, used 17825K [0x0fc30000, 0x1154a000, 0x25190000)
   the space 25704K,  69% used [0x0fc30000, 0x10d98598, 0x10d98600, 0x1154a000)
 compacting perm gen  total 20736K, used 20537K [0x25190000, 0x265d0000, 0x29190000)
   the space 20736K,  99% used [0x25190000, 0x2659e620, 0x2659e800, 0x265d0000)
No shared spaces configured.
Event: 4997.860 GC heap after
Heap after GC invocations=112 (full 5):
 def new generation   total 11648K, used 373K [0x05190000, 0x05e30000, 0x0fc30000)
  eden space 10368K,   0% used [0x05190000, 0x05190000, 0x05bb0000)
  from space 1280K,  29% used [0x05cf0000, 0x05d4d710, 0x05e30000)
  to   space 1280K,   0% used [0x05bb0000, 0x05bb0000, 0x05cf0000)
 tenured generation   total 25704K, used 18610K [0x0fc30000, 0x1154a000, 0x25190000)
   the space 25704K,  72% used [0x0fc30000, 0x10e5cb90, 0x10e5cc00, 0x1154a000)
 compacting perm gen  total 20736K, used 20537K [0x25190000, 0x265d0000, 0x29190000)
   the space 20736K,  99% used [0x25190000, 0x2659e620, 0x2659e800, 0x265d0000)
No shared spaces configured.
}
Event: 4998.345 GC heap before
{Heap before GC invocations=112 (full 5):
 def new generation   total 11648K, used 10741K [0x05190000, 0x05e30000, 0x0fc30000)
  eden space 10368K, 100% used [0x05190000, 0x05bb0000, 0x05bb0000)
  from space 1280K,  29% used [0x05cf0000, 0x05d4d710, 0x05e30000)
  to   space 1280K,   0% used [0x05bb0000, 0x05bb0000, 0x05cf0000)
 tenured generation   total 25704K, used 18610K [0x0fc30000, 0x1154a000, 0x25190000)
   the space 25704K,  72% used [0x0fc30000, 0x10e5cb90, 0x10e5cc00, 0x1154a000)
 compacting perm gen  total 20736K, used 20537K [0x25190000, 0x265d0000, 0x29190000)
   the space 20736K,  99% used [0x25190000, 0x2659e620, 0x2659e800, 0x265d0000)
No shared spaces configured.
Event: 4998.351 GC heap after
Heap after GC invocations=113 (full 5):
 def new generation   total 11648K, used 1280K [0x05190000, 0x05e30000, 0x0fc30000)
  eden space 10368K,   0% used [0x05190000, 0x05190000, 0x05bb0000)
  from space 1280K, 100% used [0x05bb0000, 0x05cf0000, 0x05cf0000)
  to   space 1280K,   0% used [0x05cf0000, 0x05cf0000, 0x05e30000)
 tenured generation   total 25704K, used 18707K [0x0fc30000, 0x1154a000, 0x25190000)
   the space 25704K,  72% used [0x0fc30000, 0x10e74f48, 0x10e75000, 0x1154a000)
 compacting perm gen  total 20736K, used 20537K [0x25190000, 0x265d0000, 0x29190000)
   the space 20736K,  99% used [0x25190000, 0x2659e620, 0x2659e800, 0x265d0000)
No shared spaces configured.
}
Event: 5481.579 GC heap before
{Heap before GC invocations=113 (full 5):
 def new generation   total 11648K, used 11595K [0x05190000, 0x05e30000, 0x0fc30000)
  eden space 10368K,  99% used [0x05190000, 0x05ba2d58, 0x05bb0000)
  from space 1280K, 100% used [0x05bb0000, 0x05cf0000, 0x05cf0000)
  to   space 1280K,   0% used [0x05cf0000, 0x05cf0000, 0x05e30000)
 tenured generation   total 25704K, used 18707K [0x0fc30000, 0x1154a000, 0x25190000)
   the space 25704K,  72% used [0x0fc30000, 0x10e74f48, 0x10e75000, 0x1154a000)
 compacting perm gen  total 20736K, used 20714K [0x25190000, 0x265d0000, 0x29190000)
   the space 20736K,  99% used [0x25190000, 0x265cab50, 0x265cac00, 0x265d0000)
No shared spaces configured.
Event: 5481.585 GC heap after
Heap after GC invocations=114 (full 5):
 def new generation   total 11648K, used 1049K [0x05190000, 0x05e30000, 0x0fc30000)
  eden space 10368K,   0% used [0x05190000, 0x05190000, 0x05bb0000)
  from space 1280K,  82% used [0x05cf0000, 0x05df66b8, 0x05e30000)
  to   space 1280K,   0% used [0x05bb0000, 0x05bb0000, 0x05cf0000)
 tenured generation   total 25704K, used 19055K [0x0fc30000, 0x1154a000, 0x25190000)
   the space 25704K,  74% used [0x0fc30000, 0x10ecbe30, 0x10ecc000, 0x1154a000)
 compacting perm gen  total 20736K, used 20714K [0x25190000, 0x265d0000, 0x29190000)
   the space 20736K,  99% used [0x25190000, 0x265cab50, 0x265cac00, 0x265d0000)
No shared spaces configured.
}
Event: 5669.890 GC heap before
{Heap before GC invocations=114 (full 5):
 def new generation   total 11648K, used 11417K [0x05190000, 0x05e30000, 0x0fc30000)
  eden space 10368K, 100% used [0x05190000, 0x05bb0000, 0x05bb0000)
  from space 1280K,  82% used [0x05cf0000, 0x05df66b8, 0x05e30000)
  to   space 1280K,   0% used [0x05bb0000, 0x05bb0000, 0x05cf0000)
 tenured generation   total 25704K, used 19055K [0x0fc30000, 0x1154a000, 0x25190000)
   the space 25704K,  74% used [0x0fc30000, 0x10ecbe30, 0x10ecc000, 0x1154a000)
 compacting perm gen  total 20992K, used 20983K [0x25190000, 0x26610000, 0x29190000)
   the space 20992K,  99% used [0x25190000, 0x2660ddb0, 0x2660de00, 0x26610000)
No shared spaces configured.
Event: 5669.895 GC heap after
Heap after GC invocations=115 (full 5):
 def new generation   total 11648K, used 583K [0x05190000, 0x05e30000, 0x0fc30000)
  eden space 10368K,   0% used [0x05190000, 0x05190000, 0x05bb0000)
  from space 1280K,  45% used [0x05bb0000, 0x05c41c60, 0x05cf0000)
  to   space 1280K,   0% used [0x05cf0000, 0x05cf0000, 0x05e30000)
 tenured generation   total 25704K, used 19802K [0x0fc30000, 0x1154a000, 0x25190000)
   the space 25704K,  77% used [0x0fc30000, 0x10f869c0, 0x10f86a00, 0x1154a000)
 compacting perm gen  total 20992K, used 20983K [0x25190000, 0x26610000, 0x29190000)
   the space 20992K,  99% used [0x25190000, 0x2660ddb0, 0x2660de00, 0x26610000)
No shared spaces configured.
}
Event: 5848.720 GC heap before
{Heap before GC invocations=115 (full 5):
 def new generation   total 11648K, used 10951K [0x05190000, 0x05e30000, 0x0fc30000)
  eden space 10368K, 100% used [0x05190000, 0x05bb0000, 0x05bb0000)
  from space 1280K,  45% used [0x05bb0000, 0x05c41c60, 0x05cf0000)
  to   space 1280K,   0% used [0x05cf0000, 0x05cf0000, 0x05e30000)
 tenured generation   total 25704K, used 19802K [0x0fc30000, 0x1154a000, 0x25190000)
   the space 25704K,  77% used [0x0fc30000, 0x10f869c0, 0x10f86a00, 0x1154a000)
 compacting perm gen  total 21504K, used 21248K [0x25190000, 0x26690000, 0x29190000)
   the space 21504K,  98% used [0x25190000, 0x26650118, 0x26650200, 0x26690000)
No shared spaces configured.
Event: 5848.724 GC heap after
Heap after GC invocations=116 (full 5):
 def new generation   total 11648K, used 477K [0x05190000, 0x05e30000, 0x0fc30000)
  eden space 10368K,   0% used [0x05190000, 0x05190000, 0x05bb0000)
  from space 1280K,  37% used [0x05cf0000, 0x05d67680, 0x05e30000)
  to   space 1280K,   0% used [0x05bb0000, 0x05bb0000, 0x05cf0000)
 tenured generation   total 25704K, used 19802K [0x0fc30000, 0x1154a000, 0x25190000)
   the space 25704K,  77% used [0x0fc30000, 0x10f869c0, 0x10f86a00, 0x1154a000)
 compacting perm gen  total 21504K, used 21248K [0x25190000, 0x26690000, 0x29190000)
   the space 21504K,  98% used [0x25190000, 0x26650118, 0x26650200, 0x26690000)
No shared spaces configured.
}

