# JRE version: 7.0_25-b17
# Java VM: Java HotSpot(TM) Client VM (23.25-b01 mixed mode windows-x86 )
Heap
 def new generation   total 8448K, used 3623K [0x042a0000, 0x04bc0000, 0x0ed40000)
  eden space 7552K,  36% used [0x042a0000, 0x0454f0f0, 0x04a00000)
  from space 896K,  97% used [0x04a00000, 0x04adaea8, 0x04ae0000)
  to   space 896K,   0% used [0x04ae0000, 0x04ae0000, 0x04bc0000)
 tenured generation   total 18532K, used 13745K [0x0ed40000, 0x0ff59000, 0x242a0000)
   the space 18532K,  74% used [0x0ed40000, 0x0faac5f8, 0x0faac600, 0x0ff59000)
 compacting perm gen  total 23040K, used 22933K [0x242a0000, 0x25920000, 0x282a0000)
   the space 23040K,  99% used [0x242a0000, 0x25905710, 0x25905800, 0x25920000)
GC Heap History (10 events):
Event: 54.123 GC heap before
{Heap before GC invocations=59 (full 3):
 def new generation   total 8448K, used 7897K [0x042a0000, 0x04bc0000, 0x0ed40000)
  eden space 7552K,  97% used [0x042a0000, 0x049d0920, 0x04a00000)
  from space 896K,  59% used [0x04ae0000, 0x04b65c80, 0x04bc0000)
  to   space 896K,   0% used [0x04a00000, 0x04a00000, 0x04ae0000)
 tenured generation   total 18532K, used 11784K [0x0ed40000, 0x0ff59000, 0x242a0000)
   the space 18532K,  63% used [0x0ed40000, 0x0f8c2370, 0x0f8c2400, 0x0ff59000)
 compacting perm gen  total 22272K, used 22090K [0x242a0000, 0x25860000, 0x282a0000)
   the space 22272K,  99% used [0x242a0000, 0x25832808, 0x25832a00, 0x25860000)
No shared spaces configured.
Event: 54.126 GC heap after
Heap after GC invocations=60 (full 3):
 def new generation   total 8448K, used 421K [0x042a0000, 0x04bc0000, 0x0ed40000)
  eden space 7552K,   0% used [0x042a0000, 0x042a0000, 0x04a00000)
  from space 896K,  47% used [0x04a00000, 0x04a69760, 0x04ae0000)
  to   space 896K,   0% used [0x04ae0000, 0x04ae0000, 0x04bc0000)
 tenured generation   total 18532K, used 12074K [0x0ed40000, 0x0ff59000, 0x242a0000)
   the space 18532K,  65% used [0x0ed40000, 0x0f90abd0, 0x0f90ac00, 0x0ff59000)
 compacting perm gen  total 22272K, used 22090K [0x242a0000, 0x25860000, 0x282a0000)
   the space 22272K,  99% used [0x242a0000, 0x25832808, 0x25832a00, 0x25860000)
No shared spaces configured.
}
Event: 54.520 GC heap before
{Heap before GC invocations=60 (full 3):
 def new generation   total 8448K, used 7973K [0x042a0000, 0x04bc0000, 0x0ed40000)
  eden space 7552K, 100% used [0x042a0000, 0x04a00000, 0x04a00000)
  from space 896K,  47% used [0x04a00000, 0x04a69760, 0x04ae0000)
  to   space 896K,   0% used [0x04ae0000, 0x04ae0000, 0x04bc0000)
 tenured generation   total 18532K, used 12074K [0x0ed40000, 0x0ff59000, 0x242a0000)
   the space 18532K,  65% used [0x0ed40000, 0x0f90abd0, 0x0f90ac00, 0x0ff59000)
 compacting perm gen  total 22272K, used 22102K [0x242a0000, 0x25860000, 0x282a0000)
   the space 22272K,  99% used [0x242a0000, 0x25835960, 0x25835a00, 0x25860000)
No shared spaces configured.
Event: 54.528 GC heap after
Heap after GC invocations=61 (full 3):
 def new generation   total 8448K, used 896K [0x042a0000, 0x04bc0000, 0x0ed40000)
  eden space 7552K,   0% used [0x042a0000, 0x042a0000, 0x04a00000)
  from space 896K, 100% used [0x04ae0000, 0x04bc0000, 0x04bc0000)
  to   space 896K,   0% used [0x04a00000, 0x04a00000, 0x04ae0000)
 tenured generation   total 18532K, used 12487K [0x0ed40000, 0x0ff59000, 0x242a0000)
   the space 18532K,  67% used [0x0ed40000, 0x0f971f50, 0x0f972000, 0x0ff59000)
 compacting perm gen  total 22272K, used 22102K [0x242a0000, 0x25860000, 0x282a0000)
   the space 22272K,  99% used [0x242a0000, 0x25835960, 0x25835a00, 0x25860000)
No shared spaces configured.
}
Event: 56.448 GC heap before
{Heap before GC invocations=61 (full 3):
 def new generation   total 8448K, used 8448K [0x042a0000, 0x04bc0000, 0x0ed40000)
  eden space 7552K, 100% used [0x042a0000, 0x04a00000, 0x04a00000)
  from space 896K, 100% used [0x04ae0000, 0x04bc0000, 0x04bc0000)
  to   space 896K,   0% used [0x04a00000, 0x04a00000, 0x04ae0000)
 tenured generation   total 18532K, used 12487K [0x0ed40000, 0x0ff59000, 0x242a0000)
   the space 18532K,  67% used [0x0ed40000, 0x0f971f50, 0x0f972000, 0x0ff59000)
 compacting perm gen  total 22272K, used 22148K [0x242a0000, 0x25860000, 0x282a0000)
   the space 22272K,  99% used [0x242a0000, 0x258410e0, 0x25841200, 0x25860000)
No shared spaces configured.
Event: 56.458 GC heap after
Heap after GC invocations=62 (full 3):
 def new generation   total 8448K, used 768K [0x042a0000, 0x04bc0000, 0x0ed40000)
  eden space 7552K,   0% used [0x042a0000, 0x042a0000, 0x04a00000)
  from space 896K,  85% used [0x04a00000, 0x04ac0380, 0x04ae0000)
  to   space 896K,   0% used [0x04ae0000, 0x04ae0000, 0x04bc0000)
 tenured generation   total 18532K, used 13198K [0x0ed40000, 0x0ff59000, 0x242a0000)
   the space 18532K,  71% used [0x0ed40000, 0x0fa23b28, 0x0fa23c00, 0x0ff59000)
 compacting perm gen  total 22272K, used 22148K [0x242a0000, 0x25860000, 0x282a0000)
   the space 22272K,  99% used [0x242a0000, 0x258410e0, 0x25841200, 0x25860000)
No shared spaces configured.
}
Event: 67.920 GC heap before
{Heap before GC invocations=62 (full 3):
 def new generation   total 8448K, used 8320K [0x042a0000, 0x04bc0000, 0x0ed40000)
  eden space 7552K, 100% used [0x042a0000, 0x04a00000, 0x04a00000)
  from space 896K,  85% used [0x04a00000, 0x04ac0380, 0x04ae0000)
  to   space 896K,   0% used [0x04ae0000, 0x04ae0000, 0x04bc0000)
 tenured generation   total 18532K, used 13198K [0x0ed40000, 0x0ff59000, 0x242a0000)
   the space 18532K,  71% used [0x0ed40000, 0x0fa23b28, 0x0fa23c00, 0x0ff59000)
 compacting perm gen  total 22528K, used 22378K [0x242a0000, 0x258a0000, 0x282a0000)
   the space 22528K,  99% used [0x242a0000, 0x2587a8b8, 0x2587aa00, 0x258a0000)
No shared spaces configured.
Event: 67.925 GC heap after
Heap after GC invocations=63 (full 3):
 def new generation   total 8448K, used 446K [0x042a0000, 0x04bc0000, 0x0ed40000)
  eden space 7552K,   0% used [0x042a0000, 0x042a0000, 0x04a00000)
  from space 896K,  49% used [0x04ae0000, 0x04b4fa68, 0x04bc0000)
  to   space 896K,   0% used [0x04a00000, 0x04a00000, 0x04ae0000)
 tenured generation   total 18532K, used 13745K [0x0ed40000, 0x0ff59000, 0x242a0000)
   the space 18532K,  74% used [0x0ed40000, 0x0faac5f8, 0x0faac600, 0x0ff59000)
 compacting perm gen  total 22528K, used 22378K [0x242a0000, 0x258a0000, 0x282a0000)
   the space 22528K,  99% used [0x242a0000, 0x2587a8b8, 0x2587aa00, 0x258a0000)
No shared spaces configured.
}
Event: 654.679 GC heap before
{Heap before GC invocations=63 (full 3):
 def new generation   total 8448K, used 7998K [0x042a0000, 0x04bc0000, 0x0ed40000)
  eden space 7552K, 100% used [0x042a0000, 0x04a00000, 0x04a00000)
  from space 896K,  49% used [0x04ae0000, 0x04b4fa68, 0x04bc0000)
  to   space 896K,   0% used [0x04a00000, 0x04a00000, 0x04ae0000)
 tenured generation   total 18532K, used 13745K [0x0ed40000, 0x0ff59000, 0x242a0000)
   the space 18532K,  74% used [0x0ed40000, 0x0faac5f8, 0x0faac600, 0x0ff59000)
 compacting perm gen  total 22784K, used 22604K [0x242a0000, 0x258e0000, 0x282a0000)
   the space 22784K,  99% used [0x242a0000, 0x258b31e8, 0x258b3200, 0x258e0000)
No shared spaces configured.
Event: 654.684 GC heap after
Heap after GC invocations=64 (full 3):
 def new generation   total 8448K, used 875K [0x042a0000, 0x04bc0000, 0x0ed40000)
  eden space 7552K,   0% used [0x042a0000, 0x042a0000, 0x04a00000)
  from space 896K,  97% used [0x04a00000, 0x04adaea8, 0x04ae0000)
  to   space 896K,   0% used [0x04ae0000, 0x04ae0000, 0x04bc0000)
 tenured generation   total 18532K, used 13745K [0x0ed40000, 0x0ff59000, 0x242a0000)
   the space 18532K,  74% used [0x0ed40000, 0x0faac5f8, 0x0faac600, 0x0ff59000)
 compacting perm gen  total 22784K, used 22604K [0x242a0000, 0x258e0000, 0x282a0000)
   the space 22784K,  99% used [0x242a0000, 0x258b31e8, 0x258b3200, 0x258e0000)
No shared spaces configured.
}

